0 info it worked if it ends with ok
1 verbose cli [ 'C:\\Program Files (x86)\\nodejs\\node.exe',
1 verbose cli   'C:\\Program Files (x86)\\nodejs\\node_modules\\npm\\bin\\npm-cli.js',
1 verbose cli   'run',
1 verbose cli   'm:down',
1 verbose cli   'dev' ]
2 info using npm@3.10.8
3 info using node@v6.9.1
4 verbose run-script [ 'prem:down', 'm:down', 'postm:down' ]
5 info lifecycle ts-test-project@1.0.0~prem:down: ts-test-project@1.0.0
6 silly lifecycle ts-test-project@1.0.0~prem:down: no script for prem:down, continuing
7 info lifecycle ts-test-project@1.0.0~m:down: ts-test-project@1.0.0
8 verbose lifecycle ts-test-project@1.0.0~m:down: unsafe-perm in lifecycle true
9 verbose lifecycle ts-test-project@1.0.0~m:down: PATH: C:\Program Files (x86)\nodejs\node_modules\npm\bin\node-gyp-bin;D:\research-postgres\node_modules\.bin;C:\Program Files (x86)\NVIDIA Corporation\PhysX\Common;C:\WINDOWS\system32;C:\WINDOWS;C:\WINDOWS\System32\Wbem;C:\WINDOWS\System32\WindowsPowerShell\v1.0\;C:\Program Files (x86)\Skype\Phone\;C:\WINDOWS\system32\config\systemprofile\.dnx\bin;C:\Program Files\Microsoft DNX\Dnvm\;C:\Program Files\Microsoft SQL Server\120\Tools\Binn\;C:\Program Files\Microsoft SQL Server\130\Tools\Binn\;C:\Program Files (x86)\Windows Kits\10\Windows Performance Toolkit\;C:\Program Files\Git\cmd;C:\Program Files (x86)\GtkSharp\2.12\bin;C:\Program Files (x86)\nodejs\;C:\Program Files\PostgreSQL\pg96\bin;;C:\Program Files (x86)\Microsoft VS Code\bin;C:\Users\whatd\AppData\Local\Microsoft\WindowsApps;C:\Users\whatd\AppData\Roaming\npm
10 verbose lifecycle ts-test-project@1.0.0~m:down: CWD: D:\research-postgres
11 silly lifecycle ts-test-project@1.0.0~m:down: Args: [ '/d /s /c', 'sequelize db:migrate:undo --env "dev"' ]
12 silly lifecycle ts-test-project@1.0.0~m:down: Returned: code: 1  signal: null
13 info lifecycle ts-test-project@1.0.0~m:down: Failed to exec m:down script
14 verbose stack Error: ts-test-project@1.0.0 m:down: `sequelize db:migrate:undo --env "dev"`
14 verbose stack Exit status 1
14 verbose stack     at EventEmitter.<anonymous> (C:\Program Files (x86)\nodejs\node_modules\npm\lib\utils\lifecycle.js:255:16)
14 verbose stack     at emitTwo (events.js:106:13)
14 verbose stack     at EventEmitter.emit (events.js:191:7)
14 verbose stack     at ChildProcess.<anonymous> (C:\Program Files (x86)\nodejs\node_modules\npm\lib\utils\spawn.js:40:14)
14 verbose stack     at emitTwo (events.js:106:13)
14 verbose stack     at ChildProcess.emit (events.js:191:7)
14 verbose stack     at maybeClose (internal/child_process.js:877:16)
14 verbose stack     at Process.ChildProcess._handle.onexit (internal/child_process.js:226:5)
15 verbose pkgid ts-test-project@1.0.0
16 verbose cwd D:\research-postgres
17 error Windows_NT 10.0.15063
18 error argv "C:\\Program Files (x86)\\nodejs\\node.exe" "C:\\Program Files (x86)\\nodejs\\node_modules\\npm\\bin\\npm-cli.js" "run" "m:down" "dev"
19 error node v6.9.1
20 error npm  v3.10.8
21 error code ELIFECYCLE
22 error ts-test-project@1.0.0 m:down: `sequelize db:migrate:undo --env "dev"`
22 error Exit status 1
23 error Failed at the ts-test-project@1.0.0 m:down script 'sequelize db:migrate:undo --env "dev"'.
23 error Make sure you have the latest version of node.js and npm installed.
23 error If you do, this is most likely a problem with the ts-test-project package,
23 error not with npm itself.
23 error Tell the author that this fails on your system:
23 error     sequelize db:migrate:undo --env "dev"
23 error You can get information on how to open an issue for this project with:
23 error     npm bugs ts-test-project
23 error Or if that isn't available, you can get their info via:
23 error     npm owner ls ts-test-project
23 error There is likely additional logging output above.
24 verbose exit [ 1, true ]
